<?xml version="1.0" encoding="UTF-8"?>
<testsuite xmlns:xsi="http://www.w3.org/2001/XMLSchema-instance" xsi:noNamespaceSchemaLocation="https://maven.apache.org/surefire/maven-surefire-plugin/xsd/surefire-test-report-3.0.xsd" version="3.0" name="BDDDir.TestRunner" time="0.446" tests="9" errors="0" skipped="0" failures="0">
  <properties>
[...]
</properties>
  <testcase name="Example #1.1" classname="Examples" time="0.158">
    <system-out><![CDATA[
Scenario Outline: Cső csúszosság tesztelés &amp#27;[90m# BDDDir/CsoCsuszos.feature:9&amp#27;[0m
  &amp#27;[32mGiven &amp#27;[0m&amp#27;[32mA cső még &amp#27;[0m&amp#27;[32m&amp#27;[1m0&amp#27;[0m&amp#27;[32m körig csúszós&amp#27;[0m          &amp#27;[90m# BDDDir.CsoCsuszosStepDefs.setCso(int)&amp#27;[0m
  &amp#27;[32mWhen &amp#27;[0m&amp#27;[32mElteilk egy kör&amp#27;[0m                     &amp#27;[90m# BDDDir.CsoCsuszosStepDefs.elteilkEgyKor()&amp#27;[0m
  &amp#27;[32mThen &amp#27;[0m&amp#27;[32mA cső &amp#27;[0m&amp#27;[32m&amp#27;[1m"nem csúszós"&amp#27;[0m                 &amp#27;[90m# BDDDir.CsoCsuszosStepDefs.aCso(java.lang.String)&amp#27;[0m
]]></system-out>
  </testcase>
  <testcase name="Example #1.1" classname="Examples" time="0.037">
    <system-out><![CDATA[
Scenario Outline: Pumpa átállítás tesztelés                                  &amp#27;[90m# BDDDir/PumpaAtallitas.feature:9&amp#27;[0m
  &amp#27;[32mGiven &amp#27;[0m&amp#27;[32mA pumpa bemeneti csöve: &amp#27;[0m&amp#27;[32m&amp#27;[1m"1"&amp#27;[0m&amp#27;[32m és kiementi csöve: &amp#27;[0m&amp#27;[32m&amp#27;[1m"2"&amp#27;[0m                   &amp#27;[90m# BDDDir.PumpaAtallitasStepDefs.setPumpa(java.lang.String,java.lang.String)&amp#27;[0m
  &amp#27;[32mWhen &amp#27;[0m&amp#27;[32mPumpa átallítása után a bementi cső: &amp#27;[0m&amp#27;[32m&amp#27;[1m"1"&amp#27;[0m&amp#27;[32m marad és a kimeneti cső: &amp#27;[0m&amp#27;[32m&amp#27;[1m"3"&amp#27;[0m &amp#27;[90m# BDDDir.PumpaAtallitasStepDefs.pumpaAtallit(java.lang.String,java.lang.String)&amp#27;[0m
  &amp#27;[32mThen &amp#27;[0m&amp#27;[32mA víz az átállított csőben fog folyni, ami &amp#27;[0m&amp#27;[32m&amp#27;[1m"3"&amp#27;[0m                        &amp#27;[90m# BDDDir.PumpaAtallitasStepDefs.vizFolyasIrany(java.lang.String)&amp#27;[0m
]]></system-out>
  </testcase>
  <testcase name="Example #1.1" classname="Examples" time="0.013">
    <system-out><![CDATA[
Scenario Outline: Pumpa javítás tesztelés                                               &amp#27;[90m# BDDDir/PumpaJavitas.feature:9&amp#27;[0m
  &amp#27;[32mGiven &amp#27;[0m&amp#27;[32mEgy pumpa, amibe megy be egy működő cső, de a pumpa nem működik&amp#27;[0m                 &amp#27;[90m# BDDDir.PumpaJavitasStepDefs.setPumpa()&amp#27;[0m
  &amp#27;[32mWhen &amp#27;[0m&amp#27;[32mHa a pumpát megjavítjuk folyni fog a víz, ha nem akkor nem fog. Javitunk: &amp#27;[0m&amp#27;[32m&amp#27;[1m"true"&amp#27;[0m &amp#27;[90m# BDDDir.PumpaJavitasStepDefs.pumpaJavitas(java.lang.String)&amp#27;[0m
  &amp#27;[32mThen &amp#27;[0m&amp#27;[32mA kimeneti csövön, a víz folyni fog: &amp#27;[0m&amp#27;[32m&amp#27;[1m"true"&amp#27;[0m                                      &amp#27;[90m# BDDDir.PumpaJavitasStepDefs.vizFolyasIrany(java.lang.String)&amp#27;[0m
]]></system-out>
  </testcase>
  <testcase name="Example #1.1" classname="Examples" time="0.012">
    <system-out><![CDATA[
Scenario Outline: Egy az egy &amp#27;[90m# BDDDir/valami.feature:10&amp#27;[0m
  &amp#27;[32mGiven &amp#27;[0m&amp#27;[32mA szam &amp#27;[0m&amp#27;[32m&amp#27;[1m1&amp#27;[0m             &amp#27;[90m# BDDDir.myTestStepDefs.aSzam(int)&amp#27;[0m
  &amp#27;[32mWhen &amp#27;[0m&amp#27;[32mSzamolunk&amp#27;[0m             &amp#27;[90m# BDDDir.myTestStepDefs.szamolunk()&amp#27;[0m
  &amp#27;[32mThen &amp#27;[0m&amp#27;[32mA valasz &amp#27;[0m&amp#27;[32m&amp#27;[1m"yes"&amp#27;[0m        &amp#27;[90m# BDDDir.myTestStepDefs.aValaszAnswer(java.lang.String)&amp#27;[0m
]]></system-out>
  </testcase>
  <testcase name="Example #1.2" classname="Examples" time="0.015">
    <system-out><![CDATA[
Scenario Outline: Cső csúszosság tesztelés &amp#27;[90m# BDDDir/CsoCsuszos.feature:10&amp#27;[0m
  &amp#27;[32mGiven &amp#27;[0m&amp#27;[32mA cső még &amp#27;[0m&amp#27;[32m&amp#27;[1m5&amp#27;[0m&amp#27;[32m körig csúszós&amp#27;[0m          &amp#27;[90m# BDDDir.CsoCsuszosStepDefs.setCso(int)&amp#27;[0m
  &amp#27;[32mWhen &amp#27;[0m&amp#27;[32mElteilk egy kör&amp#27;[0m                     &amp#27;[90m# BDDDir.CsoCsuszosStepDefs.elteilkEgyKor()&amp#27;[0m
  &amp#27;[32mThen &amp#27;[0m&amp#27;[32mA cső &amp#27;[0m&amp#27;[32m&amp#27;[1m"csúszós"&amp#27;[0m                     &amp#27;[90m# BDDDir.CsoCsuszosStepDefs.aCso(java.lang.String)&amp#27;[0m
]]></system-out>
  </testcase>
  <testcase name="Example #1.2" classname="Examples" time="0.011">
    <system-out><![CDATA[
Scenario Outline: Pumpa átállítás tesztelés                                  &amp#27;[90m# BDDDir/PumpaAtallitas.feature:10&amp#27;[0m
  &amp#27;[32mGiven &amp#27;[0m&amp#27;[32mA pumpa bemeneti csöve: &amp#27;[0m&amp#27;[32m&amp#27;[1m"1"&amp#27;[0m&amp#27;[32m és kiementi csöve: &amp#27;[0m&amp#27;[32m&amp#27;[1m"3"&amp#27;[0m                   &amp#27;[90m# BDDDir.PumpaAtallitasStepDefs.setPumpa(java.lang.String,java.lang.String)&amp#27;[0m
  &amp#27;[32mWhen &amp#27;[0m&amp#27;[32mPumpa átallítása után a bementi cső: &amp#27;[0m&amp#27;[32m&amp#27;[1m"1"&amp#27;[0m&amp#27;[32m marad és a kimeneti cső: &amp#27;[0m&amp#27;[32m&amp#27;[1m"2"&amp#27;[0m &amp#27;[90m# BDDDir.PumpaAtallitasStepDefs.pumpaAtallit(java.lang.String,java.lang.String)&amp#27;[0m
  &amp#27;[32mThen &amp#27;[0m&amp#27;[32mA víz az átállított csőben fog folyni, ami &amp#27;[0m&amp#27;[32m&amp#27;[1m"2"&amp#27;[0m                        &amp#27;[90m# BDDDir.PumpaAtallitasStepDefs.vizFolyasIrany(java.lang.String)&amp#27;[0m
]]></system-out>
  </testcase>
  <testcase name="Example #1.2" classname="Examples" time="0.015">
    <system-out><![CDATA[
Scenario Outline: Pumpa javítás tesztelés                                                &amp#27;[90m# BDDDir/PumpaJavitas.feature:10&amp#27;[0m
  &amp#27;[32mGiven &amp#27;[0m&amp#27;[32mEgy pumpa, amibe megy be egy működő cső, de a pumpa nem működik&amp#27;[0m                  &amp#27;[90m# BDDDir.PumpaJavitasStepDefs.setPumpa()&amp#27;[0m
  &amp#27;[32mWhen &amp#27;[0m&amp#27;[32mHa a pumpát megjavítjuk folyni fog a víz, ha nem akkor nem fog. Javitunk: &amp#27;[0m&amp#27;[32m&amp#27;[1m"false"&amp#27;[0m &amp#27;[90m# BDDDir.PumpaJavitasStepDefs.pumpaJavitas(java.lang.String)&amp#27;[0m
  &amp#27;[32mThen &amp#27;[0m&amp#27;[32mA kimeneti csövön, a víz folyni fog: &amp#27;[0m&amp#27;[32m&amp#27;[1m"false"&amp#27;[0m                                      &amp#27;[90m# BDDDir.PumpaJavitasStepDefs.vizFolyasIrany(java.lang.String)&amp#27;[0m
]]></system-out>
  </testcase>
  <testcase name="Example #1.2" classname="Examples" time="0.014">
    <system-out><![CDATA[
Scenario Outline: Egy az egy &amp#27;[90m# BDDDir/valami.feature:11&amp#27;[0m
  &amp#27;[32mGiven &amp#27;[0m&amp#27;[32mA szam &amp#27;[0m&amp#27;[32m&amp#27;[1m2&amp#27;[0m             &amp#27;[90m# BDDDir.myTestStepDefs.aSzam(int)&amp#27;[0m
  &amp#27;[32mWhen &amp#27;[0m&amp#27;[32mSzamolunk&amp#27;[0m             &amp#27;[90m# BDDDir.myTestStepDefs.szamolunk()&amp#27;[0m
  &amp#27;[32mThen &amp#27;[0m&amp#27;[32mA valasz &amp#27;[0m&amp#27;[32m&amp#27;[1m"no"&amp#27;[0m         &amp#27;[90m# BDDDir.myTestStepDefs.aValaszAnswer(java.lang.String)&amp#27;[0m
]]></system-out>
  </testcase>
  <testcase name="Example #1.3" classname="Examples" time="0.014">
    <system-out><![CDATA[
Scenario Outline: Cső csúszosság tesztelés &amp#27;[90m# BDDDir/CsoCsuszos.feature:11&amp#27;[0m
  &amp#27;[32mGiven &amp#27;[0m&amp#27;[32mA cső még &amp#27;[0m&amp#27;[32m&amp#27;[1m1&amp#27;[0m&amp#27;[32m körig csúszós&amp#27;[0m          &amp#27;[90m# BDDDir.CsoCsuszosStepDefs.setCso(int)&amp#27;[0m
  &amp#27;[32mWhen &amp#27;[0m&amp#27;[32mElteilk egy kör&amp#27;[0m                     &amp#27;[90m# BDDDir.CsoCsuszosStepDefs.elteilkEgyKor()&amp#27;[0m
  &amp#27;[32mThen &amp#27;[0m&amp#27;[32mA cső &amp#27;[0m&amp#27;[32m&amp#27;[1m"nem csúszós"&amp#27;[0m                 &amp#27;[90m# BDDDir.CsoCsuszosStepDefs.aCso(java.lang.String)&amp#27;[0m
]]></system-out>
  </testcase>
</testsuite>