<?xml version="1.0" encoding="UTF-8"?>
<testsuite xmlns:xsi="http://www.w3.org/2001/XMLSchema-instance" xsi:noNamespaceSchemaLocation="https://maven.apache.org/surefire/maven-surefire-plugin/xsd/surefire-test-report-3.0.xsd" version="3.0" name="BDDDir.TestRunner" time="0.346" tests="12" errors="0" skipped="0" failures="0">
  <properties>
[...]
</properties>
  <testcase name="Example #1.1" classname="Examples" time="0.133">
    <system-out><![CDATA[
Scenario Outline: Cső csúszosság tesztelés &amp#27;[90m# BDDDir/CsoCsuszos.feature:9&amp#27;[0m
  &amp#27;[32mGiven &amp#27;[0m&amp#27;[32mA cső &amp#27;[0m&amp#27;[32m&amp#27;[1m0&amp#27;[0m&amp#27;[32m körig csúszós&amp#27;[0m              &amp#27;[90m# BDDDir.CsoCsuszosStepDefs.setCso(int)&amp#27;[0m
  &amp#27;[32mWhen &amp#27;[0m&amp#27;[32mElteilk egy kör&amp#27;[0m                     &amp#27;[90m# BDDDir.CsoCsuszosStepDefs.elteilkEgyKor()&amp#27;[0m
  &amp#27;[32mThen &amp#27;[0m&amp#27;[32mA cső &amp#27;[0m&amp#27;[32m&amp#27;[1m"nem csúszós"&amp#27;[0m                 &amp#27;[90m# BDDDir.CsoCsuszosStepDefs.aCso(java.lang.String)&amp#27;[0m
]]></system-out>
  </testcase>
  <testcase name="Example #1.1" classname="Examples" time="0.014">
    <system-out><![CDATA[
Scenario Outline: A cső lyukasságának tesztelése &amp#27;[90m# BDDDir/CsoLyukas.feature:8&amp#27;[0m
  &amp#27;[32mGiven &amp#27;[0m&amp#27;[32mA cső jelenleg &amp#27;[0m&amp#27;[32m&amp#27;[1m"lyukas"&amp#27;[0m                  &amp#27;[90m# BDDDir.CsoLyukasStepDefs.setupCso(java.lang.String)&amp#27;[0m
  &amp#27;[32mWhen &amp#27;[0m&amp#27;[32mA csővet megpróbáljuk kilyuakasztani&amp#27;[0m      &amp#27;[90m# BDDDir.CsoLyukasStepDefs.holeCso()&amp#27;[0m
  &amp#27;[32mThen &amp#27;[0m&amp#27;[32mA cső ezután &amp#27;[0m&amp#27;[32m&amp#27;[1m"lyukas"&amp#27;[0m                     &amp#27;[90m# BDDDir.CsoLyukasStepDefs.csoHasHole(java.lang.String)&amp#27;[0m
]]></system-out>
  </testcase>
  <testcase name="Example #1.1" classname="Examples" time="0.008">
    <system-out><![CDATA[
Scenario Outline: A szerelő a mezőről, ahol áll, egy szomszédos mezőre mozdul át. &amp#27;[90m# BDDDir/SzereloElmozdul.feature:12&amp#27;[0m
  &amp#27;[32mGiven &amp#27;[0m&amp#27;[32mEgy egyszerű pálya&amp#27;[0m                                                        &amp#27;[90m# BDDDir.MovementStepDefs.initialize()&amp#27;[0m
  &amp#27;[32mWhen &amp#27;[0m&amp#27;[32mEgy &amp#27;[0m&amp#27;[32m&amp#27;[1m"cs2"&amp#27;[0m&amp#27;[32m szomszédos csőre lép&amp#27;[0m                                             &amp#27;[90m# BDDDir.MovementStepDefs.MoveToField(java.lang.String)&amp#27;[0m
  &amp#27;[32mThen &amp#27;[0m&amp#27;[32mA csőre kell kerülnie, ha az nem foglalt&amp#27;[0m                                   &amp#27;[90m# BDDDir.MovementStepDefs.CheckMovement()&amp#27;[0m
  &amp#27;[32mAnd &amp#27;[0m&amp#27;[32mEl kell tűnnie a &amp#27;[0m&amp#27;[32m&amp#27;[1m"p2"&amp#27;[0m&amp#27;[32m korábbi mezőről&amp#27;[0m                                       &amp#27;[90m# BDDDir.MovementStepDefs.CheckPosition(java.lang.String)&amp#27;[0m
]]></system-out>
  </testcase>
  <testcase name="Example #1.1" classname="Examples" time="0.004">
    <system-out><![CDATA[
Scenario Outline: Szerelő megpróbál egy pumpát felvenni &amp#27;[90m# BDDDir/SzereloPumpatFelvesz.feature:8&amp#27;[0m
  &amp#27;[32mGiven &amp#27;[0m&amp#27;[32mA szerelő egy &amp#27;[0m&amp#27;[32m&amp#27;[1m"pumpa"&amp#27;[0m&amp#27;[32m mezőn áll&amp#27;[0m                 &amp#27;[90m# BDDDir.SzereloPumpatFelveszStepDefs.setSzereloOnGivenMezo(java.lang.String)&amp#27;[0m
Ezen a mezon nem kaphatsz pumpat!
  &amp#27;[32mWhen &amp#27;[0m&amp#27;[32mMegpróbál egy pumpát felvenni&amp#27;[0m                    &amp#27;[90m# BDDDir.SzereloPumpatFelveszStepDefs.szereloTryPickUpPump()&amp#27;[0m
  &amp#27;[32mThen &amp#27;[0m&amp#27;[32mA pumpa &amp#27;[0m&amp#27;[32m&amp#27;[1m"nincs"&amp#27;[0m&amp#27;[32m a szerelőnél&amp#27;[0m                     &amp#27;[90m# BDDDir.SzereloPumpatFelveszStepDefs.szereloHasPump(java.lang.String)&amp#27;[0m
]]></system-out>
  </testcase>
  <testcase name="Example #1.2" classname="Examples" time="0.017">
    <system-out><![CDATA[
Scenario Outline: Cső csúszosság tesztelés &amp#27;[90m# BDDDir/CsoCsuszos.feature:10&amp#27;[0m
  &amp#27;[32mGiven &amp#27;[0m&amp#27;[32mA cső &amp#27;[0m&amp#27;[32m&amp#27;[1m5&amp#27;[0m&amp#27;[32m körig csúszós&amp#27;[0m              &amp#27;[90m# BDDDir.CsoCsuszosStepDefs.setCso(int)&amp#27;[0m
  &amp#27;[32mWhen &amp#27;[0m&amp#27;[32mElteilk egy kör&amp#27;[0m                     &amp#27;[90m# BDDDir.CsoCsuszosStepDefs.elteilkEgyKor()&amp#27;[0m
  &amp#27;[32mThen &amp#27;[0m&amp#27;[32mA cső &amp#27;[0m&amp#27;[32m&amp#27;[1m"csúszós"&amp#27;[0m                     &amp#27;[90m# BDDDir.CsoCsuszosStepDefs.aCso(java.lang.String)&amp#27;[0m
]]></system-out>
  </testcase>
  <testcase name="Example #1.2" classname="Examples" time="0.009">
    <system-out><![CDATA[
Scenario Outline: A cső lyukasságának tesztelése &amp#27;[90m# BDDDir/CsoLyukas.feature:9&amp#27;[0m
  &amp#27;[32mGiven &amp#27;[0m&amp#27;[32mA cső jelenleg &amp#27;[0m&amp#27;[32m&amp#27;[1m"nemlyukas"&amp#27;[0m               &amp#27;[90m# BDDDir.CsoLyukasStepDefs.setupCso(java.lang.String)&amp#27;[0m
  &amp#27;[32mWhen &amp#27;[0m&amp#27;[32mA csővet megpróbáljuk kilyuakasztani&amp#27;[0m      &amp#27;[90m# BDDDir.CsoLyukasStepDefs.holeCso()&amp#27;[0m
  &amp#27;[32mThen &amp#27;[0m&amp#27;[32mA cső ezután &amp#27;[0m&amp#27;[32m&amp#27;[1m"lyukas"&amp#27;[0m                     &amp#27;[90m# BDDDir.CsoLyukasStepDefs.csoHasHole(java.lang.String)&amp#27;[0m
]]></system-out>
  </testcase>
  <testcase name="Example #1.2" classname="Examples" time="0.005">
    <system-out><![CDATA[
Scenario Outline: A szerelő a mezőről, ahol áll, egy szomszédos mezőre mozdul át. &amp#27;[90m# BDDDir/SzereloElmozdul.feature:13&amp#27;[0m
  &amp#27;[32mGiven &amp#27;[0m&amp#27;[32mEgy egyszerű pálya&amp#27;[0m                                                        &amp#27;[90m# BDDDir.MovementStepDefs.initialize()&amp#27;[0m
  &amp#27;[32mWhen &amp#27;[0m&amp#27;[32mEgy &amp#27;[0m&amp#27;[32m&amp#27;[1m"cs3"&amp#27;[0m&amp#27;[32m szomszédos csőre lép&amp#27;[0m                                             &amp#27;[90m# BDDDir.MovementStepDefs.MoveToField(java.lang.String)&amp#27;[0m
  &amp#27;[32mThen &amp#27;[0m&amp#27;[32mA csőre kell kerülnie, ha az nem foglalt&amp#27;[0m                                   &amp#27;[90m# BDDDir.MovementStepDefs.CheckMovement()&amp#27;[0m
  &amp#27;[32mAnd &amp#27;[0m&amp#27;[32mEl kell tűnnie a &amp#27;[0m&amp#27;[32m&amp#27;[1m"p2"&amp#27;[0m&amp#27;[32m korábbi mezőről&amp#27;[0m                                       &amp#27;[90m# BDDDir.MovementStepDefs.CheckPosition(java.lang.String)&amp#27;[0m
]]></system-out>
  </testcase>
  <testcase name="Example #1.2" classname="Examples" time="0.004">
    <system-out><![CDATA[
Scenario Outline: Szerelő megpróbál egy pumpát felvenni &amp#27;[90m# BDDDir/SzereloPumpatFelvesz.feature:9&amp#27;[0m
  &amp#27;[32mGiven &amp#27;[0m&amp#27;[32mA szerelő egy &amp#27;[0m&amp#27;[32m&amp#27;[1m"cső"&amp#27;[0m&amp#27;[32m mezőn áll&amp#27;[0m                   &amp#27;[90m# BDDDir.SzereloPumpatFelveszStepDefs.setSzereloOnGivenMezo(java.lang.String)&amp#27;[0m
Ezen a mezon nem kaphatsz pumpat!
  &amp#27;[32mWhen &amp#27;[0m&amp#27;[32mMegpróbál egy pumpát felvenni&amp#27;[0m                    &amp#27;[90m# BDDDir.SzereloPumpatFelveszStepDefs.szereloTryPickUpPump()&amp#27;[0m
  &amp#27;[32mThen &amp#27;[0m&amp#27;[32mA pumpa &amp#27;[0m&amp#27;[32m&amp#27;[1m"nincs"&amp#27;[0m&amp#27;[32m a szerelőnél&amp#27;[0m                     &amp#27;[90m# BDDDir.SzereloPumpatFelveszStepDefs.szereloHasPump(java.lang.String)&amp#27;[0m
]]></system-out>
  </testcase>
  <testcase name="Example #1.3" classname="Examples" time="0.006">
    <system-out><![CDATA[
Scenario Outline: Cső csúszosság tesztelés &amp#27;[90m# BDDDir/CsoCsuszos.feature:11&amp#27;[0m
  &amp#27;[32mGiven &amp#27;[0m&amp#27;[32mA cső &amp#27;[0m&amp#27;[32m&amp#27;[1m1&amp#27;[0m&amp#27;[32m körig csúszós&amp#27;[0m              &amp#27;[90m# BDDDir.CsoCsuszosStepDefs.setCso(int)&amp#27;[0m
  &amp#27;[32mWhen &amp#27;[0m&amp#27;[32mElteilk egy kör&amp#27;[0m                     &amp#27;[90m# BDDDir.CsoCsuszosStepDefs.elteilkEgyKor()&amp#27;[0m
  &amp#27;[32mThen &amp#27;[0m&amp#27;[32mA cső &amp#27;[0m&amp#27;[32m&amp#27;[1m"nem csúszós"&amp#27;[0m                 &amp#27;[90m# BDDDir.CsoCsuszosStepDefs.aCso(java.lang.String)&amp#27;[0m
]]></system-out>
  </testcase>
  <testcase name="Example #1.3" classname="Examples" time="0.006">
    <system-out><![CDATA[
Scenario Outline: A cső lyukasságának tesztelése &amp#27;[90m# BDDDir/CsoLyukas.feature:10&amp#27;[0m
  &amp#27;[32mGiven &amp#27;[0m&amp#27;[32mA cső jelenleg &amp#27;[0m&amp#27;[32m&amp#27;[1m"ellenallo"&amp#27;[0m               &amp#27;[90m# BDDDir.CsoLyukasStepDefs.setupCso(java.lang.String)&amp#27;[0m
Cso ellenallo, nem lyukasztható
  &amp#27;[32mWhen &amp#27;[0m&amp#27;[32mA csővet megpróbáljuk kilyuakasztani&amp#27;[0m      &amp#27;[90m# BDDDir.CsoLyukasStepDefs.holeCso()&amp#27;[0m
  &amp#27;[32mThen &amp#27;[0m&amp#27;[32mA cső ezután &amp#27;[0m&amp#27;[32m&amp#27;[1m"nem lyukas"&amp#27;[0m                 &amp#27;[90m# BDDDir.CsoLyukasStepDefs.csoHasHole(java.lang.String)&amp#27;[0m
]]></system-out>
  </testcase>
  <testcase name="Example #1.3" classname="Examples" time="0.004">
    <system-out><![CDATA[
Scenario Outline: Szerelő megpróbál egy pumpát felvenni &amp#27;[90m# BDDDir/SzereloPumpatFelvesz.feature:10&amp#27;[0m
  &amp#27;[32mGiven &amp#27;[0m&amp#27;[32mA szerelő egy &amp#27;[0m&amp#27;[32m&amp#27;[1m"ciszterna"&amp#27;[0m&amp#27;[32m mezőn áll&amp#27;[0m             &amp#27;[90m# BDDDir.SzereloPumpatFelveszStepDefs.setSzereloOnGivenMezo(java.lang.String)&amp#27;[0m
  &amp#27;[32mWhen &amp#27;[0m&amp#27;[32mMegpróbál egy pumpát felvenni&amp#27;[0m                    &amp#27;[90m# BDDDir.SzereloPumpatFelveszStepDefs.szereloTryPickUpPump()&amp#27;[0m
  &amp#27;[32mThen &amp#27;[0m&amp#27;[32mA pumpa &amp#27;[0m&amp#27;[32m&amp#27;[1m"van"&amp#27;[0m&amp#27;[32m a szerelőnél&amp#27;[0m                       &amp#27;[90m# BDDDir.SzereloPumpatFelveszStepDefs.szereloHasPump(java.lang.String)&amp#27;[0m
]]></system-out>
  </testcase>
  <testcase name="Example #1.4" classname="Examples" time="0.005">
    <system-out><![CDATA[
Scenario Outline: Szerelő megpróbál egy pumpát felvenni &amp#27;[90m# BDDDir/SzereloPumpatFelvesz.feature:11&amp#27;[0m
  &amp#27;[32mGiven &amp#27;[0m&amp#27;[32mA szerelő egy &amp#27;[0m&amp#27;[32m&amp#27;[1m"forrás"&amp#27;[0m&amp#27;[32m mezőn áll&amp#27;[0m                &amp#27;[90m# BDDDir.SzereloPumpatFelveszStepDefs.setSzereloOnGivenMezo(java.lang.String)&amp#27;[0m
Ezen a mezon nem kaphatsz pumpat!
  &amp#27;[32mWhen &amp#27;[0m&amp#27;[32mMegpróbál egy pumpát felvenni&amp#27;[0m                    &amp#27;[90m# BDDDir.SzereloPumpatFelveszStepDefs.szereloTryPickUpPump()&amp#27;[0m
  &amp#27;[32mThen &amp#27;[0m&amp#27;[32mA pumpa &amp#27;[0m&amp#27;[32m&amp#27;[1m"nincs"&amp#27;[0m&amp#27;[32m a szerelőnél&amp#27;[0m                     &amp#27;[90m# BDDDir.SzereloPumpatFelveszStepDefs.szereloHasPump(java.lang.String)&amp#27;[0m
]]></system-out>
  </testcase>
</testsuite>